Ready to serve
Received in-order 1
Ack 1
Received in-order 2
Ack 2
Received in-order 3
Ack 3
Received in-order 4
Ack 4
Received in-order 5
Ack 5
Received in-order 6
Ack 6
Received in-order 7
Ack 7
Received in-order 8
Ack 8
Received in-order 9
Ack 9
Received in-order 10
Ack 10
Received in-order 11
Ack 11
Received in-order 12
Ack 12
Received in-order 13
Ack 13
Received in-order 14
Ack 14
Received in-order 15
Ack 15
Received in-order 16
Ack 16
Received in-order 17
Ack 17
Received in-order 18
Ack 18
Received in-order 19
Ack 19
Received in-order 20
Ack 20
Received in-order 21
Ack 21
Received in-order 22
Ack 22
Received out of order 24
Ack 22
Received out of order 25
Ack 22
Received out of order 26
Ack 22
Received out of order 27
Ack 22
Received out of order 28
Ack 22
Received out of order 29
Ack 22
Received in-order 23
Ack 23
Received in-order 24
Ack 24
Received in-order 25
Ack 25
Received in-order 26
Ack 26
Received in-order 27
Ack 27
Received in-order 28
Ack 28
Received in-order 29
Ack 29
Received in-order 30
Ack 30
Received in-order 31
Ack 31
Received in-order 32
Ack 32
Received in-order 33
Ack 33
Received in-order 34
Ack 34
Received in-order 35
Ack 35
Received in-order 36
Ack 36
Received in-order 37
Ack 37
Received in-order 38
Ack 38
Received in-order 39
Ack 39
Received in-order 40
Ack 40
Received in-order 41
Ack 41
Received in-order 42
Ack 42
Received in-order 43
Ack 43
Received in-order 44
Ack 44
Received in-order 45
Ack 45
Received in-order 46
Ack 46
Received in-order 47
Ack 47
Received in-order 48
Ack 48
Received in-order 49
Ack 49
Received in-order 50
Ack 50
Received in-order 51
Ack 51
Received in-order 52
Ack 52
Received in-order 53
Ack 53
Received in-order 54
Ack 54
Received in-order 55
Ack 55
Received in-order 56
Ack 56
Received in-order 57
Ack 57
Received in-order 58
Ack 58
Received in-order 59
Ack 59
Received in-order 60
Ack 60
Received in-order 61
Ack 61
Received in-order 62
Ack 62
Received in-order 63
Ack 63
Received in-order 64
Ack 64
Received in-order 65
Ack 65
Received in-order 66
Ack 66
Received in-order 67
Ack 67
Received in-order 68
Ack 68
Received in-order 69
Ack 69
Received in-order 70
Ack 70
Received in-order 71
Ack 71
Received in-order 72
Ack 72
Received in-order 73
Ack 73
Received in-order 74
Ack 74
Received in-order 75
Ack 75
Received in-order 76
Ack 76
Received in-order 77
Ack 77
Received in-order 78
Ack 78
Received out of order 80
Ack 78
Received out of order 81
Ack 78
Received out of order 82
Ack 78
Received out of order 83
Ack 78
Received in-order 79
Ack 79
Received in-order 80
Ack 80
Received in-order 81
Ack 81
Received in-order 82
Ack 82
Received out of order 84
Ack 82
Received out of order 85
Ack 82
Received out of order 86
Ack 82
Received out of order 87
Ack 82
Received out of order 88
Ack 82
Received out of order 89
Ack 82
Received in-order 83
Ack 83
Received in-order 84
Ack 84
Received in-order 85
Ack 85
Received in-order 86
Ack 86
Received in-order 87
Ack 87
Received in-order 88
Ack 88
Received in-order 89
Ack 89
Received in-order 90
Ack 90
Received in-order 91
Ack 91
Received in-order 92
Ack 92
Received in-order 93
Ack 93
Received in-order 94
Ack 94
Received in-order 95
Ack 95
Received in-order 96
Ack 96
Received in-order 97
Ack 97
Received in-order 98
Ack 98
Received in-order 99
Ack 99
Received in-order 100
Ack 100
Received in-order 101
Ack 101
Received in-order 102
Ack 102
Received in-order 103
Ack 103
Received in-order 104
Ack 104
Received in-order 105
Ack 105
Received in-order 106
Ack 106
Received in-order 107
Ack 107
Received in-order 108
Ack 108
Received in-order 109
Ack 109
Received in-order 110
Ack 110
Received in-order 111
Ack 111
Received in-order 112
Ack 112
Received in-order 113
Ack 113
Received in-order 114
Ack 114
Received in-order 115
Ack 115
Received in-order 116
Ack 116
Received in-order 117
Ack 117
Received in-order 118
Ack 118
Received in-order 119
Ack 119
Received in-order 120
Ack 120
Received in-order 121
Ack 121
Received in-order 122
Ack 122
Received in-order 123
Ack 123
Received in-order 124
Ack 124
Received in-order 125
Ack 125
Received in-order 126
Ack 126
Received in-order 127
Ack 127
Received in-order 128
Ack 128
Received in-order 129
Ack 129
Received in-order 130
Ack 130
Received in-order 131
Ack 131
Received in-order 132
Ack 132
Received in-order 133
Ack 133
Received in-order 134
Ack 134
Received in-order 135
Ack 135
Received in-order 136
Ack 136
Received in-order 137
Ack 137
Received in-order 138
Ack 138
Received in-order 139
Ack 139
Received in-order 140
Ack 140
Received in-order 141
Ack 141
Received in-order 142
Ack 142
Received in-order 143
Ack 143
Received in-order 144
Ack 144
Received in-order 145
Ack 145
Received in-order 146
Ack 146
Received out of order 148
Ack 146
Received in-order 147
Ack 147
Received out of order 149
Ack 147
Received out of order 150
Ack 147
Received out of order 151
Ack 147
Received out of order 152
Ack 147
Received out of order 153
Ack 147
Received out of order 154
Ack 147
Received in-order 148
Ack 148
Received in-order 149
Ack 149
Received in-order 150
Ack 150
Received in-order 151
Ack 151
Received in-order 152
Ack 152
Received in-order 153
Ack 153
Received in-order 154
Ack 154
Received in-order 155
Ack 155
Received in-order 156
Ack 156
Received in-order 157
Ack 157
Received in-order 158
Ack 158
Received in-order 159
Ack 159
Received in-order 160
Ack 160
Received in-order 161
Ack 161
Received in-order 162
Ack 162
Received in-order 163
Ack 163
Received in-order 164
Ack 164
Received in-order 165
Ack 165
Received in-order 166
Ack 166
Received in-order 167
Ack 167
Received in-order 168
Ack 168
Received in-order 169
Ack 169
Received in-order 170
Ack 170
Received in-order 171
Ack 171
Received in-order 172
Ack 172
Received in-order 173
Ack 173
Received in-order 174
Ack 174
Received in-order 175
Ack 175
Received in-order 176
Ack 176
Received in-order 177
Ack 177
Received in-order 178
Ack 178
Received in-order 179
Ack 179
Received in-order 180
Ack 180
Received in-order 181
Ack 181
Received in-order 182
Ack 182
Received in-order 183
Ack 183
Received in-order 184
Ack 184
Received in-order 185
Ack 185
Received in-order 186
Ack 186
Received in-order 187
Ack 187
Received in-order 188
Ack 188
Received in-order 189
Ack 189
Received in-order 190
Ack 190
Received in-order 191
Ack 191
Received in-order 192
Ack 192
Received in-order 193
Ack 193
Received in-order 194
Ack 194
Received in-order 195
Ack 195
Received in-order 196
Ack 196
Received in-order 197
Ack 197
Received in-order 198
Ack 198
Received in-order 199
Ack 199
Received in-order 200
Ack 200
Received in-order 201
Ack 201
Received in-order 202
Ack 202
Received in-order 203
Ack 203
Received in-order 204
Ack 204
Received in-order 205
Ack 205
Received in-order 206
Ack 206
Received in-order 207
Ack 207
Received in-order 208
Ack 208
Received in-order 209
Ack 209
Received in-order 210
Ack 210
Received in-order 211
Ack 211
Received in-order 212
Ack 212
Received in-order 213
Ack 213
Received in-order 214
Ack 214
Received in-order 215
Ack 215
Received in-order 216
Ack 216
Received in-order 217
Ack 217
Received in-order 218
Ack 218
Received in-order 219
Ack 219
Received in-order 220
Ack 220
Received in-order 221
Ack 221
Received out of order 223
Ack 221
Received out of order 224
Ack 221
Received out of order 225
Ack 221
Received out of order 226
Ack 221
Received out of order 227
Ack 221
Received in-order 222
Ack 222
Received in-order 223
Ack 223
Received in-order 224
Ack 224
Received in-order 225
Ack 225
Received in-order 226
Ack 226
Received out of order 228
Ack 226
Received out of order 229
Ack 226
Received out of order 230
Ack 226
Received out of order 231
Ack 226
Received out of order 232
Ack 226
Received out of order 233
Ack 226
Received out of order 228
Ack 226
Received out of order 229
Ack 226
Received out of order 230
Ack 226
Received out of order 231
Ack 226
Received out of order 232
Ack 226
Received out of order 233
Ack 226
Received in-order 227
Ack 227
Received in-order 228
Ack 228
Received in-order 229
Ack 229
Received in-order 230
Ack 230
Received in-order 231
Ack 231
Received in-order 232
Ack 232
Received in-order 233
Ack 233
Received in-order 234
Ack 234
Received in-order 235
Ack 235
Received in-order 236
Ack 236
Received in-order 237
Ack 237
Received in-order 238
Ack 238
Received in-order 239
Ack 239
Received in-order 240
Ack 240
Received in-order 241
Ack 241
Received in-order 242
Ack 242
Received in-order 243
Ack 243
Received in-order 244
Ack 244
Received in-order 245
Ack 245
Received in-order 246
Ack 246
Received in-order 247
Ack 247
Received in-order 248
Ack 248
Received in-order 249
Ack 249
Received in-order 250
Ack 250
Received in-order 251
Ack 251
Received in-order 252
Ack 252
Received in-order 253
Ack 253
Received in-order 254
Ack 254
Received in-order 255
Ack 255
Received in-order 256
Ack 256
Received in-order 257
Ack 257
Received in-order 258
Ack 258
Received in-order 259
Ack 259
Received in-order 260
Ack 260
Received in-order 261
Ack 261
Received in-order 262
Ack 262
Received in-order 263
Ack 263
Received in-order 264
Ack 264
Received in-order 265
Ack 265
Received in-order 266
Ack 266
Received in-order 267
Ack 267
Received in-order 268
Ack 268
Received in-order 269
Ack 269
Received in-order 270
Ack 270
Received in-order 271
Ack 271
Received in-order 272
Ack 272
Received in-order 273
Ack 273
Received in-order 274
Ack 274
Received in-order 275
Ack 275
Received in-order 276
Ack 276
Received in-order 277
Ack 277
Received in-order 278
Ack 278
Received in-order 279
Ack 279
Received in-order 280
Ack 280
Received in-order 281
Ack 281
Received in-order 282
Ack 282
Received in-order 283
Ack 283
Received in-order 284
Ack 284
Received in-order 285
Ack 285
Received in-order 286
Ack 286
Received in-order 287
Ack 287
Received in-order 288
Ack 288
Received in-order 289
Ack 289
Received in-order 290
Ack 290
Received in-order 291
Ack 291
Received in-order 292
Ack 292
Received in-order 293
Ack 293
Received in-order 294
Ack 294
Received in-order 295
Ack 295
Received in-order 296
Ack 296
Received in-order 297
Ack 297
Received in-order 298
Ack 298
Received in-order 299
Ack 299
Received in-order 300
Ack 300
Received in-order 301
Ack 301
Received in-order 302
Ack 302
Received in-order 303
Ack 303
Received in-order 304
Ack 304
Received in-order 305
Ack 305
Received in-order 306
Ack 306
Received in-order 307
Ack 307
Received in-order 308
Ack 308
Received in-order 309
Ack 309
Received in-order 310
Ack 310
Received in-order 311
Ack 311
Received in-order 312
Ack 312
Received in-order 313
Ack 313
Received in-order 314
Ack 314
Received in-order 315
Ack 315
Received in-order 316
Ack 316
Received in-order 317
Ack 317
Received in-order 318
Ack 318
Received in-order 319
Ack 319
Received in-order 320
Ack 320
Received in-order 321
Ack 321
Received in-order 322
Ack 322
Received in-order 323
Ack 323
Received in-order 324
Ack 324
Received in-order 325
Ack 325
Received in-order 326
Ack 326
Received in-order 327
Ack 327
Received in-order 328
Ack 328
Received in-order 329
Ack 329
Received in-order 330
Ack 330
Received in-order 331
Ack 331
Received in-order 332
Ack 332
Received in-order 333
Ack 333
Received in-order 334
Ack 334
Received in-order 335
Ack 335
Received in-order 336
Ack 336
Received in-order 337
Ack 337
Received in-order 338
Ack 338
Received in-order 339
Ack 339
Received in-order 340
Ack 340
Received in-order 341
Ack 341
Received in-order 342
Ack 342
Received in-order 343
Ack 343
Received in-order 344
Ack 344
Received in-order 345
Ack 345
Received in-order 346
Ack 346
Received in-order 347
Ack 347
Received in-order 348
Ack 348
Received in-order 349
Ack 349
Received in-order 350
Ack 350
Received in-order 351
Ack 351
Received in-order 352
Ack 352
Received in-order 353
Ack 353
Received in-order 354
Ack 354
Received in-order 355
Ack 355
Received in-order 356
Ack 356
Received in-order 357
Ack 357
Received in-order 358
Ack 358
Received in-order 359
Ack 359
Received in-order 360
Ack 360
Received in-order 361
Ack 361
Received in-order 362
Ack 362
Received in-order 363
Ack 363
Received in-order 364
Ack 364
Received in-order 365
Ack 365
Received in-order 366
Ack 366
Received in-order 367
Ack 367
Received in-order 368
Ack 368
Received in-order 369
Ack 369
Received in-order 370
Ack 370
Received in-order 371
Ack 371
Received in-order 372
Ack 372
Received in-order 373
Ack 373
Received in-order 374
Ack 374
Received in-order 375
Ack 375
Received in-order 376
Ack 376
Received in-order 377
Ack 377
Received in-order 378
Ack 378
Received out of order 380
Ack 378
Received out of order 381
Ack 378
Received out of order 382
Ack 378
Received out of order 383
Ack 378
Received in-order 379
Ack 379
Received in-order 380
Ack 380
Received in-order 381
Ack 381
Received in-order 382
Ack 382
Received out of order 384
Ack 382
Received out of order 385
Ack 382
Received out of order 386
Ack 382
Received out of order 387
Ack 382
Received out of order 388
Ack 382
Received out of order 389
Ack 382
Received in-order 383
Ack 383
Received in-order 384
Ack 384
Received in-order 385
Ack 385
Received out of order 387
Ack 385
Received out of order 388
Ack 385
Received out of order 389
Ack 385
Received out of order 390
Ack 385
Received out of order 391
Ack 385
Received out of order 392
Ack 385
Received in-order 386
Ack 386
Received in-order 387
Ack 387
Received in-order 388
Ack 388
Received in-order 389
Ack 389
Received in-order 390
Ack 390
Received in-order 391
Ack 391
Received in-order 392
Ack 392
Received in-order 393
Ack 393
Received in-order 394
Ack 394
Received in-order 395
Ack 395
Received in-order 396
Ack 396
Received in-order 397
Ack 397
Received in-order 398
Ack 398
Received in-order 399
Ack 399
Received in-order 400
Ack 400
Received in-order 401
Ack 401
Received in-order 402
Ack 402
Received in-order 403
Ack 403
Received in-order 404
Ack 404
Received in-order 405
Ack 405
Received in-order 406
Ack 406
Received in-order 407
Ack 407
Received in-order 408
Ack 408
Received in-order 409
Ack 409
Received in-order 410
Ack 410
Received in-order 411
Ack 411
Received in-order 412
Ack 412
Received in-order 413
Ack 413
Received in-order 414
Ack 414
Received in-order 415
Ack 415
Received in-order 416
Ack 416
Received in-order 417
Ack 417
Received in-order 418
Ack 418
Received in-order 419
Ack 419
Received in-order 420
Ack 420
Received in-order 421
Ack 421
Received in-order 422
Ack 422
Received in-order 423
Ack 423
Received in-order 424
Ack 424
Received in-order 425
Ack 425
Received in-order 426
Ack 426
Received in-order 427
Ack 427
Received in-order 428
Ack 428
Received in-order 429
Ack 429
Received in-order 430
Ack 430
Received in-order 431
Ack 431
Received in-order 432
Ack 432
Received in-order 433
Ack 433
Received in-order 434
Ack 434
Received in-order 435
Ack 435
Received in-order 436
Ack 436
Received in-order 437
Ack 437
Received in-order 438
Ack 438
Received in-order 439
Ack 439
Received in-order 440
Ack 440
Received in-order 441
Ack 441
Received in-order 442
Ack 442
Received in-order 443
Ack 443
Received in-order 444
Ack 444
Received in-order 445
Ack 445
Received in-order 446
Ack 446
Received in-order 447
Ack 447
Received in-order 448
Ack 448
Received in-order 449
Ack 449
Received in-order 450
Ack 450
Received in-order 451
Ack 451
Received in-order 452
Ack 452
Received in-order 453
Ack 453
Received in-order 454
Ack 454
Received in-order 455
Ack 455
Received in-order 456
Ack 456
Received in-order 457
Ack 457
Received in-order 458
Ack 458
Received in-order 459
Ack 459
Received in-order 460
Ack 460
Received in-order 461
Ack 461
Received in-order 462
Ack 462
FILE TRANSFER SUCCESSFUL
TIME TAKEN  2.726852 s
No Of Transmission Required :  1036
