Ready to serve
sending -> positive Ack 1
writing seq 1
sending -> positive Ack 2
writing seq 2
sending -> positive Ack 3
writing seq 3
sending -> positive Ack 4
writing seq 4
sending -> positive Ack 5
writing seq 5
sending -> positive Ack 6
writing seq 6
sending -> positive Ack 7
writing seq 7
sending -> positive Ack 8
writing seq 8
sending -> positive Ack 9
writing seq 9
sending -> positive Ack 10
writing seq 10
sending -> positive Ack 11
writing seq 11
sending -> positive Ack 12
writing seq 12
sending -> positive Ack 13
writing seq 13
sending -> positive Ack 14
writing seq 14
sending -> positive Ack 15
writing seq 15
sending -> positive Ack 16
writing seq 16
sending -> positive Ack 17
writing seq 17
sending -> positive Ack 18
writing seq 18
sending -> positive Ack 19
writing seq 19
sending -> positive Ack 20
writing seq 20
sending -> positive Ack 21
writing seq 21
sending -> positive Ack 22
writing seq 22
sending -> positive Ack 23
writing seq 23
sending -> positive Ack 24
writing seq 24
sending -> positive Ack 25
writing seq 25
sending -> positive Ack 26
writing seq 26
sending -> positive Ack 27
writing seq 27
sending -> positive Ack 28
writing seq 28
sending -> positive Ack 29
writing seq 29
sending -> positive Ack 30
writing seq 30
sending -> positive Ack 31
writing seq 31
sending -> positive Ack 32
writing seq 32
sending -> positive Ack 33
writing seq 33
sending -> positive Ack 34
writing seq 34
sending -> positive Ack 35
writing seq 35
sending -> positive Ack 36
writing seq 36
sending -> positive Ack 37
writing seq 37
sending -> positive Ack 38
writing seq 38
sending -> positive Ack 39
writing seq 39
sending -> positive Ack 40
writing seq 40
sending -> positive Ack 41
writing seq 41
sending -> positive Ack 42
writing seq 42
sending -> positive Ack 43
writing seq 43
sending -> positive Ack 44
writing seq 44
sending -> positive Ack 45
writing seq 45
sending -> positive Ack 46
writing seq 46
sending -> positive Ack 47
writing seq 47
sending -> positive Ack 48
writing seq 48
sending -> positive Ack 49
writing seq 49
sending -> positive Ack 50
writing seq 50
sending -> positive Ack 51
writing seq 51
sending -> positive Ack 52
writing seq 52
sending -> positive Ack 53
writing seq 53
sending -> positive Ack 54
writing seq 54
sending -> positive Ack 55
writing seq 55
sending -> positive Ack 56
writing seq 56
sending -> positive Ack 57
writing seq 57
sending -> positive Ack 58
writing seq 58
sending -> positive Ack 59
writing seq 59
sending -> positive Ack 60
writing seq 60
sending -> positive Ack 61
writing seq 61
sending -> positive Ack 63
sending -> positive Ack 64
sending -> positive Ack 65
sending -> positive Ack 66
sending -> positive Ack 67
sending -> positive Ack 68
sending -> positive Ack 69
sending -> positive Ack 70
sending -> positive Ack 71
sending -> positive Ack 72
sending -> positive Ack 73
sending -> positive Ack 74
sending -> positive Ack 75
sending -> positive Ack 76
sending -> positive Ack 77
sending -> positive Ack 78
sending -> positive Ack 79
sending -> positive Ack 80
sending -> positive Ack 81
sending -> positive Ack 82
sending -> positive Ack 83
sending -> positive Ack 84
sending -> positive Ack 85
sending -> positive Ack 86
sending -> positive Ack 87
sending -> positive Ack 88
sending -> positive Ack 89
sending -> positive Ack 90
sending -> positive Ack 91
sending -> positive Ack 92
sending -> positive Ack 93
sending -> positive Ack 94
sending -> positive Ack 95
sending -> positive Ack 96
sending -> positive Ack 97
sending -> positive Ack 98
sending -> positive Ack 99
sending -> positive Ack 100
sending -> positive Ack 101
sending -> positive Ack 102
sending -> positive Ack 103
sending -> positive Ack 104
sending -> positive Ack 105
sending -> positive Ack 106
sending -> positive Ack 107
sending -> positive Ack 108
sending -> positive Ack 109
sending -> positive Ack 110
sending -> positive Ack 111
sending -> positive Ack 112
sending -> positive Ack 113
sending -> positive Ack 114
sending -> positive Ack 115
sending -> positive Ack 116
sending -> positive Ack 117
sending -> positive Ack 118
sending -> positive Ack 119
sending -> positive Ack 120
sending -> positive Ack 121
sending -> positive Ack 122
sending -> positive Ack 123
sending -> positive Ack 124
sending -> positive Ack 125
sending -> positive Ack 126
sending -> positive Ack 127
sending -> positive Ack 128
sending -> positive Ack 129
sending -> positive Ack 130
sending -> positive Ack 131
sending -> positive Ack 132
sending -> positive Ack 133
sending -> positive Ack 134
sending -> positive Ack 135
sending -> positive Ack 136
sending -> positive Ack 137
sending -> positive Ack 138
sending -> positive Ack 139
sending -> positive Ack 140
sending -> positive Ack 141
sending -> positive Ack 142
sending -> positive Ack 143
sending -> positive Ack 144
sending -> positive Ack 145
sending -> positive Ack 146
sending -> positive Ack 147
sending -> positive Ack 148
sending -> positive Ack 149
sending -> positive Ack 150
sending -> positive Ack 151
sending -> positive Ack 152
sending -> positive Ack 153
sending -> positive Ack 154
sending -> positive Ack 155
sending -> positive Ack 156
sending -> positive Ack 157
sending -> positive Ack 158
sending -> positive Ack 159
sending -> positive Ack 160
sending -> positive Ack 161
sending -> positive Ack 162
sending -> positive Ack 163
sending -> positive Ack 164
sending -> positive Ack 165
sending -> positive Ack 166
sending -> positive Ack 167
sending -> positive Ack 168
sending -> positive Ack 169
sending -> positive Ack 170
sending -> positive Ack 171
sending -> positive Ack 173
sending -> positive Ack 174
sending -> positive Ack 175
sending -> positive Ack 176
sending -> positive Ack 177
sending -> positive Ack 178
sending -> positive Ack 179
sending -> positive Ack 180
sending -> positive Ack 181
sending -> positive Ack 182
sending -> positive Ack 183
sending -> positive Ack 184
sending -> positive Ack 185
sending -> positive Ack 186
sending -> positive Ack 187
sending -> positive Ack 188
sending -> positive Ack 189
sending -> positive Ack 190
sending -> positive Ack 191
sending -> positive Ack 192
sending -> positive Ack 193
sending -> positive Ack 194
sending -> positive Ack 195
sending -> positive Ack 196
sending -> positive Ack 197
sending -> positive Ack 198
sending -> positive Ack 199
sending -> positive Ack 200
sending -> positive Ack 201
sending -> positive Ack 202
sending -> positive Ack 203
sending -> positive Ack 204
sending -> positive Ack 205
sending -> positive Ack 206
sending -> positive Ack 207
sending -> positive Ack 208
sending -> positive Ack 209
sending -> positive Ack 210
sending -> positive Ack 211
sending -> positive Ack 212
sending -> positive Ack 213
sending -> positive Ack 215
sending -> positive Ack 216
sending -> positive Ack 217
sending -> positive Ack 218
sending -> positive Ack 219
sending -> positive Ack 220
sending -> positive Ack 221
sending -> positive Ack 222
sending -> positive Ack 223
sending -> positive Ack 224
sending -> positive Ack 225
sending -> positive Ack 226
sending -> positive Ack 227
sending -> positive Ack 228
sending -> positive Ack 229
sending -> positive Ack 230
sending -> positive Ack 231
sending -> positive Ack 232
sending -> positive Ack 233
sending -> positive Ack 234
sending -> positive Ack 235
sending -> positive Ack 236
sending -> positive Ack 237
sending -> positive Ack 238
sending -> positive Ack 239
sending -> positive Ack 240
sending -> positive Ack 241
sending -> positive Ack 242
sending -> positive Ack 243
sending -> positive Ack 244
sending -> positive Ack 245
sending -> positive Ack 246
sending -> positive Ack 247
sending -> positive Ack 248
sending -> positive Ack 249
sending -> positive Ack 250
sending -> positive Ack 251
sending -> positive Ack 252
sending -> positive Ack 253
sending -> positive Ack 254
sending -> positive Ack 255
sending -> positive Ack 256
sending -> positive Ack 257
sending -> positive Ack 258
sending -> positive Ack 259
sending -> positive Ack 260
sending -> positive Ack 261
sending -> positive Ack 262
sending -> positive Ack 263
sending -> positive Ack 264
sending -> positive Ack 265
sending -> positive Ack 266
sending -> positive Ack 267
sending -> positive Ack 268
sending -> positive Ack 269
sending -> positive Ack 270
sending -> positive Ack 271
sending -> positive Ack 272
sending -> positive Ack 273
sending -> positive Ack 274
sending -> positive Ack 275
sending -> positive Ack 276
sending -> positive Ack 277
sending -> positive Ack 278
sending -> positive Ack 279
sending -> positive Ack 280
sending -> positive Ack 281
sending -> positive Ack 282
sending -> positive Ack 283
sending -> positive Ack 284
sending -> positive Ack 285
sending -> positive Ack 286
sending -> positive Ack 287
sending -> positive Ack 288
sending -> positive Ack 289
sending -> positive Ack 290
sending -> positive Ack 291
sending -> positive Ack 292
sending -> positive Ack 293
sending -> positive Ack 294
sending -> positive Ack 295
sending -> positive Ack 296
sending -> positive Ack 297
sending -> positive Ack 298
sending -> positive Ack 299
sending -> positive Ack 300
sending -> positive Ack 301
sending -> positive Ack 302
sending -> positive Ack 303
sending -> positive Ack 304
sending -> positive Ack 305
sending -> positive Ack 306
sending -> positive Ack 307
sending -> positive Ack 308
sending -> positive Ack 309
sending -> positive Ack 310
sending -> positive Ack 311
sending -> positive Ack 312
sending -> positive Ack 313
sending -> positive Ack 314
sending -> positive Ack 315
sending -> positive Ack 316
sending -> positive Ack 317
sending -> positive Ack 318
sending -> positive Ack 319
sending -> positive Ack 320
sending -> positive Ack 321
sending -> positive Ack 322
sending -> positive Ack 323
sending -> positive Ack 324
sending -> positive Ack 325
sending -> positive Ack 326
sending -> positive Ack 327
sending -> positive Ack 328
sending -> positive Ack 329
sending -> positive Ack 330
sending -> positive Ack 331
sending -> positive Ack 332
sending -> positive Ack 333
sending -> positive Ack 334
sending -> positive Ack 335
sending -> positive Ack 336
sending -> positive Ack 337
sending -> positive Ack 338
sending -> positive Ack 339
sending -> positive Ack 340
sending -> positive Ack 341
sending -> positive Ack 343
sending -> positive Ack 344
sending -> positive Ack 345
sending -> positive Ack 346
sending -> positive Ack 347
sending -> positive Ack 348
sending -> positive Ack 349
sending -> positive Ack 350
sending -> positive Ack 351
sending -> positive Ack 352
sending -> positive Ack 354
sending -> positive Ack 355
sending -> positive Ack 356
sending -> positive Ack 357
sending -> positive Ack 358
sending -> positive Ack 359
sending -> positive Ack 360
sending -> positive Ack 361
sending -> positive Ack 362
sending -> positive Ack 363
sending -> positive Ack 364
sending -> positive Ack 365
sending -> positive Ack 366
sending -> positive Ack 367
sending -> positive Ack 368
sending -> positive Ack 369
sending -> positive Ack 370
sending -> positive Ack 371
sending -> positive Ack 372
sending -> positive Ack 373
sending -> positive Ack 374
sending -> positive Ack 375
sending -> positive Ack 376
sending -> positive Ack 377
sending -> positive Ack 378
sending -> positive Ack 379
sending -> positive Ack 380
sending -> positive Ack 381
sending -> positive Ack 382
sending -> positive Ack 383
sending -> positive Ack 384
sending -> positive Ack 385
sending -> positive Ack 386
sending -> positive Ack 387
sending -> positive Ack 388
sending -> positive Ack 62
writing seq 62
writing seq 63
writing seq 64
writing seq 65
writing seq 66
writing seq 67
writing seq 68
writing seq 69
writing seq 70
writing seq 71
writing seq 72
writing seq 73
writing seq 74
writing seq 75
writing seq 76
writing seq 77
writing seq 78
writing seq 79
writing seq 80
writing seq 81
writing seq 82
writing seq 83
writing seq 84
writing seq 85
writing seq 86
writing seq 87
writing seq 88
writing seq 89
writing seq 90
writing seq 91
writing seq 92
writing seq 93
writing seq 94
writing seq 95
writing seq 96
writing seq 97
writing seq 98
writing seq 99
writing seq 100
writing seq 101
writing seq 102
writing seq 103
writing seq 104
writing seq 105
writing seq 106
writing seq 107
writing seq 108
writing seq 109
writing seq 110
writing seq 111
writing seq 112
writing seq 113
writing seq 114
writing seq 115
writing seq 116
writing seq 117
writing seq 118
writing seq 119
writing seq 120
writing seq 121
writing seq 122
writing seq 123
writing seq 124
writing seq 125
writing seq 126
writing seq 127
writing seq 128
writing seq 129
writing seq 130
writing seq 131
writing seq 132
writing seq 133
writing seq 134
writing seq 135
writing seq 136
writing seq 137
writing seq 138
writing seq 139
writing seq 140
writing seq 141
writing seq 142
writing seq 143
writing seq 144
writing seq 145
writing seq 146
writing seq 147
writing seq 148
writing seq 149
writing seq 150
writing seq 151
writing seq 152
writing seq 153
writing seq 154
writing seq 155
writing seq 156
writing seq 157
writing seq 158
writing seq 159
writing seq 160
writing seq 161
writing seq 162
writing seq 163
writing seq 164
writing seq 165
writing seq 166
writing seq 167
writing seq 168
writing seq 169
writing seq 170
writing seq 171
sending -> positive Ack 172
writing seq 172
writing seq 173
writing seq 174
writing seq 175
writing seq 176
writing seq 177
writing seq 178
writing seq 179
writing seq 180
writing seq 181
writing seq 182
writing seq 183
writing seq 184
writing seq 185
writing seq 186
writing seq 187
writing seq 188
writing seq 189
writing seq 190
writing seq 191
writing seq 192
writing seq 193
writing seq 194
writing seq 195
writing seq 196
writing seq 197
writing seq 198
writing seq 199
writing seq 200
writing seq 201
writing seq 202
writing seq 203
writing seq 204
writing seq 205
writing seq 206
writing seq 207
writing seq 208
writing seq 209
writing seq 210
writing seq 211
writing seq 212
writing seq 213
sending -> positive Ack 214
writing seq 214
writing seq 215
writing seq 216
writing seq 217
writing seq 218
writing seq 219
writing seq 220
writing seq 221
writing seq 222
writing seq 223
writing seq 224
writing seq 225
writing seq 226
writing seq 227
writing seq 228
writing seq 229
writing seq 230
writing seq 231
writing seq 232
writing seq 233
writing seq 234
writing seq 235
writing seq 236
writing seq 237
writing seq 238
writing seq 239
writing seq 240
writing seq 241
writing seq 242
writing seq 243
writing seq 244
writing seq 245
writing seq 246
writing seq 247
writing seq 248
writing seq 249
writing seq 250
writing seq 251
writing seq 252
writing seq 253
writing seq 254
writing seq 255
writing seq 256
writing seq 257
writing seq 258
writing seq 259
writing seq 260
writing seq 261
writing seq 262
writing seq 263
writing seq 264
writing seq 265
writing seq 266
writing seq 267
writing seq 268
writing seq 269
writing seq 270
writing seq 271
writing seq 272
writing seq 273
writing seq 274
writing seq 275
writing seq 276
writing seq 277
writing seq 278
writing seq 279
writing seq 280
writing seq 281
writing seq 282
writing seq 283
writing seq 284
writing seq 285
writing seq 286
writing seq 287
writing seq 288
writing seq 289
writing seq 290
writing seq 291
writing seq 292
writing seq 293
writing seq 294
writing seq 295
writing seq 296
writing seq 297
writing seq 298
writing seq 299
writing seq 300
writing seq 301
writing seq 302
writing seq 303
writing seq 304
writing seq 305
writing seq 306
writing seq 307
writing seq 308
writing seq 309
writing seq 310
writing seq 311
writing seq 312
writing seq 313
writing seq 314
writing seq 315
writing seq 316
writing seq 317
writing seq 318
writing seq 319
writing seq 320
writing seq 321
writing seq 322
writing seq 323
writing seq 324
writing seq 325
writing seq 326
writing seq 327
writing seq 328
writing seq 329
writing seq 330
writing seq 331
writing seq 332
writing seq 333
writing seq 334
writing seq 335
writing seq 336
writing seq 337
writing seq 338
writing seq 339
writing seq 340
writing seq 341
sending -> positive Ack 342
writing seq 342
writing seq 343
writing seq 344
writing seq 345
writing seq 346
writing seq 347
writing seq 348
writing seq 349
writing seq 350
writing seq 351
writing seq 352
sending -> positive Ack 353
writing seq 353
writing seq 354
writing seq 355
writing seq 356
writing seq 357
writing seq 358
writing seq 359
writing seq 360
writing seq 361
writing seq 362
writing seq 363
writing seq 364
writing seq 365
writing seq 366
writing seq 367
writing seq 368
writing seq 369
writing seq 370
writing seq 371
writing seq 372
writing seq 373
writing seq 374
writing seq 375
writing seq 376
writing seq 377
writing seq 378
writing seq 379
writing seq 380
writing seq 381
writing seq 382
writing seq 383
writing seq 384
writing seq 385
writing seq 386
writing seq 387
writing seq 388
sending -> positive Ack 389
writing seq 389
sending -> positive Ack 390
writing seq 390
sending -> positive Ack 391
writing seq 391
sending -> positive Ack 392
writing seq 392
sending -> positive Ack 393
writing seq 393
sending -> positive Ack 394
writing seq 394
sending -> positive Ack 395
writing seq 395
sending -> positive Ack 396
writing seq 396
sending -> positive Ack 397
writing seq 397
sending -> positive Ack 398
writing seq 398
sending -> positive Ack 399
writing seq 399
sending -> positive Ack 400
writing seq 400
sending -> positive Ack 401
writing seq 401
sending -> positive Ack 402
writing seq 402
sending -> positive Ack 403
writing seq 403
sending -> positive Ack 404
writing seq 404
sending -> positive Ack 405
writing seq 405
sending -> positive Ack 406
writing seq 406
sending -> positive Ack 407
writing seq 407
sending -> positive Ack 408
writing seq 408
sending -> positive Ack 409
writing seq 409
sending -> positive Ack 410
writing seq 410
sending -> positive Ack 411
writing seq 411
sending -> positive Ack 412
writing seq 412
sending -> positive Ack 413
writing seq 413
sending -> positive Ack 414
writing seq 414
sending -> positive Ack 415
writing seq 415
sending -> positive Ack 416
writing seq 416
sending -> positive Ack 417
writing seq 417
sending -> positive Ack 418
writing seq 418
sending -> positive Ack 419
writing seq 419
sending -> positive Ack 420
writing seq 420
sending -> positive Ack 421
writing seq 421
sending -> positive Ack 422
writing seq 422
sending -> positive Ack 423
writing seq 423
sending -> positive Ack 424
writing seq 424
sending -> positive Ack 425
writing seq 425
sending -> positive Ack 426
writing seq 426
sending -> positive Ack 427
writing seq 427
sending -> positive Ack 428
writing seq 428
sending -> positive Ack 429
writing seq 429
sending -> positive Ack 430
writing seq 430
sending -> positive Ack 431
writing seq 431
sending -> positive Ack 432
writing seq 432
sending -> positive Ack 433
writing seq 433
sending -> positive Ack 434
writing seq 434
sending -> positive Ack 435
writing seq 435
sending -> positive Ack 436
writing seq 436
sending -> positive Ack 437
writing seq 437
sending -> positive Ack 438
writing seq 438
sending -> positive Ack 439
writing seq 439
sending -> positive Ack 440
writing seq 440
sending -> positive Ack 441
writing seq 441
sending -> positive Ack 442
writing seq 442
sending -> positive Ack 443
writing seq 443
sending -> positive Ack 444
writing seq 444
sending -> positive Ack 445
writing seq 445
sending -> positive Ack 446
writing seq 446
sending -> positive Ack 447
writing seq 447
sending -> positive Ack 448
writing seq 448
sending -> positive Ack 449
writing seq 449
sending -> positive Ack 450
writing seq 450
sending -> positive Ack 451
writing seq 451
sending -> positive Ack 452
writing seq 452
sending -> positive Ack 453
writing seq 453
sending -> positive Ack 454
writing seq 454
sending -> positive Ack 455
writing seq 455
sending -> positive Ack 456
writing seq 456
sending -> positive Ack 457
writing seq 457
sending -> positive Ack 458
writing seq 458
sending -> positive Ack 459
writing seq 459
sending -> positive Ack 460
writing seq 460
sending -> positive Ack 461
writing seq 461
sending -> positive Ack 462
FILE TRANSFER SUCCESSFUL
TIME TAKEN  0.063647 s
No Of Transmission Required :  924
